0	1	mikroCARM.exe -MSF -DBG -pSTM32F746ZG -RA -BIN -LHF -DL -SSA -O11111114 -fo216 -N"E:\ITS\Pelajaran\Semester 8\3 - Tugas Akhir\Program_Mikro_Fix\MyProject.mcpar" -SP"C:\Users\Public\Documents\Mikroelektronika\mikroC PRO for ARM\Defs\" -SP"C:\Users\Public\Documents\Mikroelektronika\mikroC PRO for ARM\Uses\ST M7\" -SP"E:\ITS\Pelajaran\Semester 8\3 - Tugas Akhir\Program_Mikro_Fix\" -SP"C:\Users\Public\Documents\Mikroelektronika\mikroC PRO for ARM\Packages\USB UART Click\Uses\" -SP"C:\Users\Public\Documents\Mikroelektronika\mikroC PRO for ARM\Packages\EMG Click\Uses\" -IP"C:\Users\Public\Documents\Mikroelektronika\mikroC PRO for ARM\Uses\ST M7\" -IP"C:\Users\Public\Documents\Mikroelektronika\mikroC PRO for ARM\Packages\USB UART Click\Uses\" -IP"C:\Users\Public\Documents\Mikroelektronika\mikroC PRO for ARM\Packages\EMG Click\Uses\" "MyProject_main.c" "MyProject_events_code.c" "MyProject_driver.c" "MyProject_resources.c" "__Lib_Math.emcl" "__Lib_MathDouble.emcl" "__Lib_Delays.emcl" "__Lib_System_F7xx.emcl" "__Lib_GPIO_32F7xx_Defs.emcl" "__Lib_GPIO_32F7xx.emcl" "__Lib_CType.emcl" "__Lib_CString.emcl" "__Lib_CStdlib.emcl" "__Lib_CMath.emcl" "__Lib_MemManager.emcl" "__Lib_Conversions.emcl" "__Lib_Sprintf.emcl" "__Lib_ADC_32F7xx_24ch.emcl" "__Lib_I2C_1234.emcl" "__Lib_UART_123_45_6_78.emcl" "__Lib_TFT.emcl" "__Lib_TFT_Defs.emcl" "__Lib_FT5XX6_gesture_decoder.emcl" "__Lib_FT5XX6.emcl" "mikromedia_7_STM32F7.emcl" "USB_UART_STM32_M7.emcl" "EMG_STM32_M7.emcl" "Click_USB_UART.pld"	 
diagnostics: 0	122	Compilation Started	STM32F746ZG.c
diagnostics: 81803	123	Compiled Successfully	STM32F746ZG.c
diagnostics: 0	122	Compilation Started	__Lib_Delays.c
diagnostics: 123	123	Compiled Successfully	__Lib_Delays.c
hint: 66	1164	Variable 'cycles_div_by_10' has been eliminated by optimizer	__Lib_Delays.c
hint: 92	1164	Variable 'NumberOfCyc' has been eliminated by optimizer	__Lib_Delays.c
hint: 109	1164	Variable 'NumberOfCyc' has been eliminated by optimizer	__Lib_Delays.c
diagnostics: 0	122	Compilation Started	__lib_gpio.h
diagnostics: 809	123	Compiled Successfully	__Lib_GPIO_32F7xx_Defs.c
diagnostics: 0	122	Compilation Started	__Lib_MemManager.c
warning: 36	1508	Implicit conversion of int to ptr	__Lib_MemManager.c
warning: 157	1506	Implicit conversion of pointer to int	__Lib_MemManager.c
warning: 176	1508	Implicit conversion of int to ptr	__Lib_MemManager.c
diagnostics: 299	123	Compiled Successfully	__Lib_MemManager.c
diagnostics: 0	122	Compilation Started	__Lib_TFT_Defs.c
warning: 110	1508	Implicit conversion of int to ptr	__Lib_TFT_Defs.c
warning: 122	1508	Implicit conversion of int to ptr	__Lib_TFT_Defs.c
warning: 134	1508	Implicit conversion of int to ptr	__Lib_TFT_Defs.c
warning: 146	1508	Implicit conversion of int to ptr	__Lib_TFT_Defs.c
warning: 155	1508	Implicit conversion of int to ptr	__Lib_TFT_Defs.c
warning: 172	1508	Implicit conversion of int to ptr	__Lib_TFT_Defs.c
warning: 186	1508	Implicit conversion of int to ptr	__Lib_TFT_Defs.c
diagnostics: 4534	123	Compiled Successfully	__Lib_TFT_Defs.c
hint: 51	1164	Variable 'temp' has been eliminated by optimizer	__Lib_TFT_Defs.c
diagnostics: 0	122	Compilation Started	__Lib_FT5XX6_gesture_decoder.c
warning: 25	1505	Suspicious pointer conversion	__Lib_FT5XX6_gesture_decoder.c
warning: 32	1505	Suspicious pointer conversion	__Lib_FT5XX6_gesture_decoder.c
warning: 39	1505	Suspicious pointer conversion	__Lib_FT5XX6_gesture_decoder.c
warning: 46	1505	Suspicious pointer conversion	__Lib_FT5XX6_gesture_decoder.c
warning: 53	1505	Suspicious pointer conversion	__Lib_FT5XX6_gesture_decoder.c
diagnostics: 65	123	Compiled Successfully	__Lib_FT5XX6_gesture_decoder.c
diagnostics: 0	122	Compilation Started	stdint.h
diagnostics: 349	123	Compiled Successfully	mikromedia_7_STM32F7.c
diagnostics: 0	122	Compilation Started	myproject_objects.h
diagnostics: 25	123	Compiled Successfully	MyProject_main.c
diagnostics: 0	122	Compilation Started	myproject_objects.h
warning: 112	1503	Result is not defined in function: 'emg_filter'	signal_processing.h
hint: 157	1163	Variable 'rrd' has been declared, but not used	signal_processing.h
hint: 264	1163	Variable 'mean_power' has been declared, but not used	signal_processing.h
hint: 267	1163	Variable 'df' has been declared, but not used	signal_processing.h
hint: 268	1163	Variable 'frequencies' has been declared, but not used	signal_processing.h
hint: 91	1163	Variable 'i_plot1' has been declared, but not used	MyProject_events_code.c
hint: 0	1004	interrupt handler (Timer14_interrupt at 0x003D)	MyProject_events_code.c
diagnostics: 301	123	Compiled Successfully	MyProject_events_code.c
hint: 158	1164	Variable 'segment_duration' has been eliminated by optimizer	MyProject_events_code.c
hint: 158	1164	Variable 'limit' has been eliminated by optimizer	MyProject_events_code.c
hint: 158	1164	Variable 'current_index' has been eliminated by optimizer	MyProject_events_code.c
hint: 223	1164	Variable 'input_mean' has been eliminated by optimizer	MyProject_events_code.c
hint: 263	1164	Variable 'peak_bin' has been eliminated by optimizer	MyProject_events_code.c
hint: 363	1164	Variable 'temp' has been eliminated by optimizer	MyProject_events_code.c
hint: 364	1164	Variable 'tempp' has been eliminated by optimizer	MyProject_events_code.c
hint: 33	1164	Variable 'X2' has been eliminated by optimizer	MyProject_events_code.c
hint: 33	1164	Variable 'Y2' has been eliminated by optimizer	MyProject_events_code.c
hint: 91	1164	Variable 'stop' has been eliminated by optimizer	MyProject_events_code.c
hint: 92	1164	Variable 'emg1_value' has been eliminated by optimizer	MyProject_events_code.c
hint: 92	1164	Variable 'emg2_value' has been eliminated by optimizer	MyProject_events_code.c
hint: 92	1164	Variable 'emg3_value' has been eliminated by optimizer	MyProject_events_code.c
diagnostics: 0	122	Compilation Started	myproject_objects.h
warning: 1831	1505	Suspicious pointer conversion	MyProject_driver.c
diagnostics: 1858	123	Compiled Successfully	MyProject_driver.c
diagnostics: 0	122	Compilation Started	MyProject_resources.c
diagnostics: 3041	123	Compiled Successfully	MyProject_resources.c
diagnostics: 0	127	All files Compiled in 1843 ms	 
hint: 0	1144	Used RX: 16 (100%)   Free RX: 0 (0%)	Used RX: 16 (100%)   Free RX: 0 (0%)
hint: 0	1144	Static RAM (bytes): 263482   Dynamic RAM (bytes): 64193	Static RAM (bytes): 263482   Dynamic RAM (bytes): 64193
hint: 0	1144	Used ROM (bytes): 111462 (11%)  Free ROM (bytes): 937114 (89%)	Used ROM (bytes): 111462 (11%)  Free ROM (bytes): 937114 (89%)
diagnostics: 0	125	Project Linked Successfully	MyProject.mcpar
hint: 197	1004	Possible stack overflow : recursion or cross-calling detected.	MyProject_events_code.c
diagnostics: 0	128	Linked in 2657 ms	 
diagnostics: 0	129	Project 'MyProject.mcpar' completed: 9375 ms	 
diagnostics: 0	103	Finished successfully: 24 Jul 2023, 17:37:51	MyProject.mcpar
